2020-10-07T12:40:23.737+0800 I  CONTROL  [main] Automatically disabling TLS 1.0, to force-enable TLS 1.0 specify --sslDisabledProtocols 'none'
2020-10-07T12:40:23.742+0800 I  CONTROL  [initandlisten] MongoDB starting : pid=13212 port=27017 dbpath=D:\三阶段node\vue项目\server\db 64-bit host=DESKTOP-MGP3FVD
2020-10-07T12:40:23.742+0800 I  CONTROL  [initandlisten] targetMinOS: Windows 7/Windows Server 2008 R2
2020-10-07T12:40:23.742+0800 I  CONTROL  [initandlisten] db version v4.2.2
2020-10-07T12:40:23.742+0800 I  CONTROL  [initandlisten] git version: a0bbbff6ada159e19298d37946ac8dc4b497eadf
2020-10-07T12:40:23.743+0800 I  CONTROL  [initandlisten] allocator: tcmalloc
2020-10-07T12:40:23.743+0800 I  CONTROL  [initandlisten] modules: none
2020-10-07T12:40:23.743+0800 I  CONTROL  [initandlisten] build environment:
2020-10-07T12:40:23.744+0800 I  CONTROL  [initandlisten]     distmod: 2012plus
2020-10-07T12:40:23.744+0800 I  CONTROL  [initandlisten]     distarch: x86_64
2020-10-07T12:40:23.744+0800 I  CONTROL  [initandlisten]     target_arch: x86_64
2020-10-07T12:40:23.744+0800 I  CONTROL  [initandlisten] options: { storage: { dbPath: "D:\三阶段node\vue项目\server\db" }, systemLog: { destination: "file", path: "D:\三阶段node\vue项目\server\log\db.log" } }
2020-10-07T12:40:23.747+0800 W  STORAGE  [initandlisten] Detected unclean shutdown - D:\三阶段node\vue项目\server\db\mongod.lock is not empty.
2020-10-07T12:40:23.748+0800 I  STORAGE  [initandlisten] Detected data files in D:\三阶段node\vue项目\server\db created by the 'wiredTiger' storage engine, so setting the active storage engine to 'wiredTiger'.
2020-10-07T12:40:23.748+0800 W  STORAGE  [initandlisten] Recovering data from the last clean checkpoint.
2020-10-07T12:40:23.748+0800 I  STORAGE  [initandlisten] wiredtiger_open config: create,cache_size=3544M,cache_overflow=(file_max=0M),session_max=33000,eviction=(threads_min=4,threads_max=4),config_base=false,statistics=(fast),log=(enabled=true,archive=true,path=journal,compressor=snappy),file_manager=(close_idle_time=100000,close_scan_interval=10,close_handle_minimum=250),statistics_log=(wait=0),verbose=[recovery_progress,checkpoint_progress],
2020-10-07T12:40:23.875+0800 I  STORAGE  [initandlisten] WiredTiger message [1602045623:875516][13212:140728537472592], txn-recover: Recovering log 2 through 3
2020-10-07T12:40:23.969+0800 I  STORAGE  [initandlisten] WiredTiger message [1602045623:969461][13212:140728537472592], txn-recover: Recovering log 3 through 3
2020-10-07T12:40:24.073+0800 I  STORAGE  [initandlisten] WiredTiger message [1602045624:72422][13212:140728537472592], txn-recover: Main recovery loop: starting at 2/5632 to 3/256
2020-10-07T12:40:24.200+0800 I  STORAGE  [initandlisten] WiredTiger message [1602045624:200308][13212:140728537472592], txn-recover: Recovering log 2 through 3
2020-10-07T12:40:24.300+0800 I  STORAGE  [initandlisten] WiredTiger message [1602045624:300258][13212:140728537472592], txn-recover: Recovering log 3 through 3
2020-10-07T12:40:24.368+0800 I  STORAGE  [initandlisten] WiredTiger message [1602045624:368212][13212:140728537472592], txn-recover: Set global recovery timestamp: (0,0)
2020-10-07T12:40:24.566+0800 I  RECOVERY [initandlisten] WiredTiger recoveryTimestamp. Ts: Timestamp(0, 0)
2020-10-07T12:40:24.687+0800 I  STORAGE  [initandlisten] Timestamp monitor starting
2020-10-07T12:40:24.725+0800 I  CONTROL  [initandlisten] 
2020-10-07T12:40:24.725+0800 I  CONTROL  [initandlisten] ** WARNING: Access control is not enabled for the database.
2020-10-07T12:40:24.725+0800 I  CONTROL  [initandlisten] **          Read and write access to data and configuration is unrestricted.
2020-10-07T12:40:24.725+0800 I  CONTROL  [initandlisten] 
2020-10-07T12:40:24.725+0800 I  CONTROL  [initandlisten] ** WARNING: This server is bound to localhost.
2020-10-07T12:40:24.725+0800 I  CONTROL  [initandlisten] **          Remote systems will be unable to connect to this server. 
2020-10-07T12:40:24.725+0800 I  CONTROL  [initandlisten] **          Start the server with --bind_ip <address> to specify which IP 
2020-10-07T12:40:24.726+0800 I  CONTROL  [initandlisten] **          addresses it should serve responses from, or with --bind_ip_all to
2020-10-07T12:40:24.726+0800 I  CONTROL  [initandlisten] **          bind to all interfaces. If this behavior is desired, start the
2020-10-07T12:40:24.726+0800 I  CONTROL  [initandlisten] **          server with --bind_ip 127.0.0.1 to disable this warning.
2020-10-07T12:40:24.726+0800 I  CONTROL  [initandlisten] 
2020-10-07T12:40:24.729+0800 I  SHARDING [initandlisten] Marking collection local.system.replset as collection version: <unsharded>
2020-10-07T12:40:24.758+0800 I  STORAGE  [initandlisten] Flow Control is enabled on this deployment.
2020-10-07T12:40:24.758+0800 I  SHARDING [initandlisten] Marking collection admin.system.roles as collection version: <unsharded>
2020-10-07T12:40:24.759+0800 I  SHARDING [initandlisten] Marking collection admin.system.version as collection version: <unsharded>
2020-10-07T12:40:24.782+0800 I  SHARDING [initandlisten] Marking collection local.startup_log as collection version: <unsharded>
2020-10-07T12:40:25.240+0800 I  FTDC     [initandlisten] Initializing full-time diagnostic data capture with directory 'D:/三阶段node/vue项目/server/db/diagnostic.data'
2020-10-07T12:40:25.242+0800 I  SHARDING [LogicalSessionCacheRefresh] Marking collection config.system.sessions as collection version: <unsharded>
2020-10-07T12:40:25.242+0800 I  NETWORK  [initandlisten] Listening on 127.0.0.1
2020-10-07T12:40:25.242+0800 I  SHARDING [LogicalSessionCacheReap] Marking collection config.transactions as collection version: <unsharded>
2020-10-07T12:40:25.242+0800 I  NETWORK  [initandlisten] waiting for connections on port 27017
2020-10-07T12:40:26.085+0800 I  FTDC     [ftdc] Unclean full-time diagnostic data capture shutdown detected, found interim file, some metrics may have been lost. OK
2020-10-07T12:40:26.118+0800 I  SHARDING [ftdc] Marking collection local.oplog.rs as collection version: <unsharded>
2020-10-07T18:01:09.995+0800 I  CONTROL  [thread1] CTRL_CLOSE_EVENT signal
2020-10-07T18:01:09.995+0800 I  CONTROL  [consoleTerminate] got CTRL_CLOSE_EVENT, will terminate after current cmd ends
2020-10-07T18:01:10.005+0800 I  NETWORK  [consoleTerminate] shutdown: going to close listening sockets...
2020-10-07T18:01:10.006+0800 I  -        [consoleTerminate] Stopping further Flow Control ticket acquisitions.
2020-10-07T18:01:10.009+0800 I  CONTROL  [consoleTerminate] Shutting down free monitoring
2020-10-07T18:01:10.010+0800 I  FTDC     [consoleTerminate] Shutting down full-time diagnostic data capture
2020-10-07T18:01:10.017+0800 I  STORAGE  [consoleTerminate] Deregistering all the collections
2020-10-07T18:01:10.019+0800 I  STORAGE  [consoleTerminate] Timestamp monitor shutting down
2020-10-07T18:01:10.021+0800 I  STORAGE  [consoleTerminate] WiredTigerKVEngine shutting down
2020-10-07T18:01:10.021+0800 I  STORAGE  [consoleTerminate] Shutting down session sweeper thread
2020-10-07T18:01:10.021+0800 I  STORAGE  [consoleTerminate] Finished shutting down session sweeper thread
2020-10-07T18:01:10.022+0800 I  STORAGE  [consoleTerminate] Shutting down journal flusher thread
2020-10-07T18:01:10.043+0800 I  STORAGE  [consoleTerminate] Finished shutting down journal flusher thread
2020-10-07T18:01:10.044+0800 I  STORAGE  [consoleTerminate] Shutting down checkpoint thread
2020-10-07T18:01:10.044+0800 I  STORAGE  [consoleTerminate] Finished shutting down checkpoint thread
2020-10-07T18:01:10.157+0800 I  STORAGE  [consoleTerminate] shutdown: removing fs lock...
2020-10-07T18:01:10.157+0800 I  CONTROL  [consoleTerminate] now exiting
2020-10-07T18:01:10.158+0800 I  CONTROL  [consoleTerminate] shutting down with code:12
